<?xml version="1.0" encoding="UTF-8"?>
<!-- Generated by org.testng.reporters.JUnitXMLReporter -->
<testsuite hostname="DESKTOP-NKPAN9S" ignored="4" name="Test" tests="2" failures="0" timestamp="2023-01-30T13:28:40 IST" time="21.918" errors="0">
  <testcase name="test1" time="10.543" classname="ty1.Testscript1"/>
  <testcase name="test3" time="11.319" classname="ty1.Testscript3"/>
  <testcase name="demo" time="0.0" classname="ty1.Testscript5">
    <ignored/>
  </testcase> <!-- demo -->
  <testcase name="test5" time="0.0" classname="ty1.Testscript5">
    <ignored/>
  </testcase> <!-- test5 -->
  <testcase name="test4" time="0.0" classname="ty1.Testscript4">
    <ignored/>
  </testcase> <!-- test4 -->
  <testcase name="test2" time="0.0" classname="ty1.Testscript2">
    <ignored/>
  </testcase> <!-- test2 -->
</testsuite> <!-- Test -->
