<?xml version="1.0" encoding="UTF-8"?>
<testng-results skipped="0" failed="0" ignored="0" total="3" passed="3">
  <reporter-output>
  </reporter-output>
  <suite name="Default suite" duration-ms="21496" started-at="2023-01-31T12:48:52 IST" finished-at="2023-01-31T12:49:14 IST">
    <groups>
    </groups>
    <test name="Default test" duration-ms="21496" started-at="2023-01-31T12:48:52 IST" finished-at="2023-01-31T12:49:14 IST">
      <class name="ty1.Ddt_test">
        <test-method status="PASS" signature="test(java.lang.String,java.lang.String)[pri:0, instance:ty1.Ddt_test@75881071]" name="test" duration-ms="19406" started-at="2023-01-31T12:48:53 IST" data-provider="testdata" finished-at="2023-01-31T12:49:13 IST">
          <params>
            <param index="0">
              <value>
                <![CDATA[Raj]]>
              </value>
            </param>
            <param index="1">
              <value>
                <![CDATA[51626289]]>
              </value>
            </param>
          </params>
          <reporter-output>
          </reporter-output>
        </test-method> <!-- test -->
        <test-method status="PASS" signature="test(java.lang.String,java.lang.String)[pri:0, instance:ty1.Ddt_test@75881071]" name="test" duration-ms="19418" started-at="2023-01-31T12:48:53 IST" data-provider="testdata" finished-at="2023-01-31T12:49:13 IST">
          <params>
            <param index="0">
              <value>
                <![CDATA[vijay]]>
              </value>
            </param>
            <param index="1">
              <value>
                <![CDATA[98592]]>
              </value>
            </param>
          </params>
          <reporter-output>
          </reporter-output>
        </test-method> <!-- test -->
        <test-method status="PASS" signature="test(java.lang.String,java.lang.String)[pri:0, instance:ty1.Ddt_test@75881071]" name="test" duration-ms="20026" started-at="2023-01-31T12:48:53 IST" data-provider="testdata" finished-at="2023-01-31T12:49:14 IST">
          <params>
            <param index="0">
              <value>
                <![CDATA[Basavaraj]]>
              </value>
            </param>
            <param index="1">
              <value>
                <![CDATA[12356]]>
              </value>
            </param>
          </params>
          <reporter-output>
          </reporter-output>
        </test-method> <!-- test -->
      </class> <!-- ty1.Ddt_test -->
    </test> <!-- Default test -->
  </suite> <!-- Default suite -->
</testng-results>
