<?xml version="1.0" encoding="UTF-8"?>
<testng-results skipped="0" failed="0" ignored="0" total="1" passed="1">
  <reporter-output>
  </reporter-output>
  <suite name="Default suite" duration-ms="3640" started-at="2023-02-02T09:47:54 IST" finished-at="2023-02-02T09:47:58 IST">
    <groups>
    </groups>
    <test name="Default test" duration-ms="3640" started-at="2023-02-02T09:47:54 IST" finished-at="2023-02-02T09:47:58 IST">
      <class name="ty1.PDFreadtest">
        <test-method status="PASS" signature="test()[pri:0, instance:ty1.PDFreadtest@cb0ed20]" name="test" duration-ms="3518" started-at="2023-02-02T09:47:54 IST" finished-at="2023-02-02T09:47:58 IST">
          <reporter-output>
          </reporter-output>
        </test-method> <!-- test -->
      </class> <!-- ty1.PDFreadtest -->
    </test> <!-- Default test -->
  </suite> <!-- Default suite -->
</testng-results>
